rm: cannot remove '../feature/t*_f010*': No such file or directory

#==============================================================================
# START!!! 010_pivot_norm1.py    PID: 2656    time: 2018-10-24 22:34:52.140454
#==============================================================================

rm: cannot remove '../data/tmp_f010*': No such file or directory
Traceback (most recent call last):
  File "/home/Kazuki/anaconda3/lib/python3.6/site-packages/pandas/io/pickle.py", line 166, in try_read
    return read_wrapper(lambda f: pkl.load(f))
  File "/home/Kazuki/anaconda3/lib/python3.6/site-packages/pandas/io/pickle.py", line 149, in read_wrapper
    return func(f)
  File "/home/Kazuki/anaconda3/lib/python3.6/site-packages/pandas/io/pickle.py", line 166, in <lambda>
    return read_wrapper(lambda f: pkl.load(f))
ValueError: could not convert string to float: EA1

During handling of the above exception, another exception occurred:

Traceback (most recent call last):
  File "/home/Kazuki/anaconda3/lib/python3.6/site-packages/pandas/io/pickle.py", line 171, in try_read
    lambda f: pc.load(f, encoding=encoding, compat=False))
  File "/home/Kazuki/anaconda3/lib/python3.6/site-packages/pandas/io/pickle.py", line 149, in read_wrapper
    return func(f)
  File "/home/Kazuki/anaconda3/lib/python3.6/site-packages/pandas/io/pickle.py", line 171, in <lambda>
    lambda f: pc.load(f, encoding=encoding, compat=False))
  File "/home/Kazuki/anaconda3/lib/python3.6/site-packages/pandas/compat/pickle_compat.py", line 212, in load
    return up.load()
  File "/home/Kazuki/anaconda3/lib/python3.6/pickle.py", line 1050, in load
    dispatch[key[0]](self)
  File "/home/Kazuki/anaconda3/lib/python3.6/pickle.py", line 1152, in load_float
    self.append(float(self.readline()[:-1]))
ValueError: could not convert string to float: b'EA1\x00\x00\x00\x00j\x00\x00\x00\x00\x00\x00\x002\x01\x00\x00\x00\x00\x00\x00\x96\x01\x00\x00\x00\x00\x00\x00R\x04\x00\x00\x00\x00\x00\x00:\x08\x00\x00\x00\x00\x00\x00\x9e\x08\x00\x00\x00\x00\x00\x00\x86\x0c\x00\x00\x00\x00\x00\x00z\x0e\x00\x00\x00\x00\x00\x00\xd2\x10\x00\x00\x00\x00\x00\x00\xda\x17\x00\x00\x00\x00\x00\x00\xce\x19\x00\x00\x00\x00\x00\x00~\x1e\x00\x00\x00\x00\x00\x00f"\x00\x00\x00\x00\x00\x00N&\x00\x00\x00\x00\x00\x00n)\x00\x00\x00\x00\x00\x00\xd2)\x00\x00\x00\x00\x00\x00\x1e.\x00\x00\x00\x00\x00\x00\xb66\x00\x00\x00\x00\x00\x00\xaa8\x00\x00\x00\x00\x00\x00::\x00\x00\x00\x00\x00\x00N?\x00\x00\x00\x00\x00\x00\xd2B\x00\x00\x00\x00\x00\x00\xf2E\x00\x00\x00\x00\x00\x00~P\x00\x00\x00\x00\x00\x00\xaaQ\x00\x00\x00\x00\x00\x00ZV\x00\x00\x00\x00\x00\x00\xa6Z\x00\x00\x00\x00\x00\x00\xfe\\\x00\x00\x00\x00\x00\x00*^\x00\x00\x00\x00\x00\x00Rh\x00\x00\x00\x00\x00\x00\xb6h\x00\x00\x00\x00\x00\x00\xaaj\x00\x00\x00\x00\x00\x00rk\x00\x00\x00\x00\x00\x00\xcam\x00\x00\x00\x00\x00\x00Zo\x00\x00\x00\x00\x00\x00zr\x00\x00\x00\x00\x00\x00\x96~\x00\x00\x00\x00\x00\x00^\x7f\x00\x00\x00\x00\x00\x00\xee\x80\x00\x00\x00\x00\x00\x00\x1e\x92\x00\x00\x00\x00\x00\x00\x82\x92\x00\x00\x00\x00\x00\x00J\x93\x00\x00\x00\x00\x00\x00\xae\x93\x00\x00\x00\x00\x00\x00>\x95\x00\x00\x00\x00\x00\x00z\xa4\x00\x00\x00\x00\x00\x00\xc6\xa8\x00\x00\x00\x00\x00\x00\x12\xad\x00\x00\x00\x00\x00\x00\xc2\xb1\x00\x00\x00\x00\x00\x00\xe2\xb4\x00\x00\x00\x00\x00\x00\x92\xb9\x00\x00\x00\x00\x00\x00\xa6\xbe\x00\x00\x00\x00\x00\x006\xc0\x00\x00\x00\x00\x00\x00b\xc1\x00\x00\x00\x00\x00\x00\xe6\xc4\x00\x00\x00\x00\x00\x00\xfa\xc9\x00\x00\x00\x00\x00\x00F\xce\x00\x00\x00\x00\x00\x00\xaa\xce\x00\x00\x00\x00\x00\x00\xca\xd1\x00\x00\x00\x00\x00\x00\xf6\xd2\x00\x00\x00\x00\x00\x00\xb2\xd5\x00\x00\x00\x00\x00\x00V\xdc\x00\x00\x00\x00\x00\x00>\xe0\x00\x00\x00\x00\x00\x00&\xe4\x00\x00\x00\x00\x00\x00R\xe5\x00\x00\x00\x00\x00\x00\x16\xef\x00\x00\x00\x00\x00\x00z\xef\x00\x00\x00\x00\x00\x00n\xf1\x00\x00\x00\x00\x00\x00V\xf5\x00\x00\x00\x00\x00\x00\xba\xf5\x00\x00\x00\x00\x00\x00\x1e\xf6\x00\x00\x00\x00\x00\x00J\xf7\x00\x00\x00\x00\x00\x00>\xf9\x00\x00\x00\x00\x00\x00\xe2\xff\x00\x00\x00\x00\x00\x00.\x04\x01\x00\x00\x00\x00\x00Z\x05\x01\x00\x00\x00\x00\x00\x86\x06\x01\x00\x00\x00\x00\x006\x0b\x01\x00\x00\x00\x00\x00\x06\x13\x01\x00\x00\x00\x00\x002\x14\x01\x00\x00\x00\x00\x00\xc2\x15\x01\x00\x00\x00\x00\x00\x0e\x1a\x01\x00\x00\x00\x00\x00\x02\x1c\x01\x00\x00\x00\x00\x00\xde!\x01\x00\x00\x00\x00\x00B"\x01\x00\x00\x00\x00\x00'

During handling of the above exception, another exception occurred:

Traceback (most recent call last):
  File "/home/Kazuki/anaconda3/lib/python3.6/site-packages/pandas/io/pickle.py", line 177, in read_pickle
    return try_read(path)
  File "/home/Kazuki/anaconda3/lib/python3.6/site-packages/pandas/io/pickle.py", line 175, in try_read
    lambda f: pc.load(f, encoding=encoding, compat=True))
  File "/home/Kazuki/anaconda3/lib/python3.6/site-packages/pandas/io/pickle.py", line 149, in read_wrapper
    return func(f)
  File "/home/Kazuki/anaconda3/lib/python3.6/site-packages/pandas/io/pickle.py", line 175, in <lambda>
    lambda f: pc.load(f, encoding=encoding, compat=True))
  File "/home/Kazuki/anaconda3/lib/python3.6/site-packages/pandas/compat/pickle_compat.py", line 212, in load
    return up.load()
  File "/home/Kazuki/anaconda3/lib/python3.6/pickle.py", line 1050, in load
    dispatch[key[0]](self)
  File "/home/Kazuki/anaconda3/lib/python3.6/pickle.py", line 1152, in load_float
    self.append(float(self.readline()[:-1]))
ValueError: could not convert string to float: b'EA1\x00\x00\x00\x00j\x00\x00\x00\x00\x00\x00\x002\x01\x00\x00\x00\x00\x00\x00\x96\x01\x00\x00\x00\x00\x00\x00R\x04\x00\x00\x00\x00\x00\x00:\x08\x00\x00\x00\x00\x00\x00\x9e\x08\x00\x00\x00\x00\x00\x00\x86\x0c\x00\x00\x00\x00\x00\x00z\x0e\x00\x00\x00\x00\x00\x00\xd2\x10\x00\x00\x00\x00\x00\x00\xda\x17\x00\x00\x00\x00\x00\x00\xce\x19\x00\x00\x00\x00\x00\x00~\x1e\x00\x00\x00\x00\x00\x00f"\x00\x00\x00\x00\x00\x00N&\x00\x00\x00\x00\x00\x00n)\x00\x00\x00\x00\x00\x00\xd2)\x00\x00\x00\x00\x00\x00\x1e.\x00\x00\x00\x00\x00\x00\xb66\x00\x00\x00\x00\x00\x00\xaa8\x00\x00\x00\x00\x00\x00::\x00\x00\x00\x00\x00\x00N?\x00\x00\x00\x00\x00\x00\xd2B\x00\x00\x00\x00\x00\x00\xf2E\x00\x00\x00\x00\x00\x00~P\x00\x00\x00\x00\x00\x00\xaaQ\x00\x00\x00\x00\x00\x00ZV\x00\x00\x00\x00\x00\x00\xa6Z\x00\x00\x00\x00\x00\x00\xfe\\\x00\x00\x00\x00\x00\x00*^\x00\x00\x00\x00\x00\x00Rh\x00\x00\x00\x00\x00\x00\xb6h\x00\x00\x00\x00\x00\x00\xaaj\x00\x00\x00\x00\x00\x00rk\x00\x00\x00\x00\x00\x00\xcam\x00\x00\x00\x00\x00\x00Zo\x00\x00\x00\x00\x00\x00zr\x00\x00\x00\x00\x00\x00\x96~\x00\x00\x00\x00\x00\x00^\x7f\x00\x00\x00\x00\x00\x00\xee\x80\x00\x00\x00\x00\x00\x00\x1e\x92\x00\x00\x00\x00\x00\x00\x82\x92\x00\x00\x00\x00\x00\x00J\x93\x00\x00\x00\x00\x00\x00\xae\x93\x00\x00\x00\x00\x00\x00>\x95\x00\x00\x00\x00\x00\x00z\xa4\x00\x00\x00\x00\x00\x00\xc6\xa8\x00\x00\x00\x00\x00\x00\x12\xad\x00\x00\x00\x00\x00\x00\xc2\xb1\x00\x00\x00\x00\x00\x00\xe2\xb4\x00\x00\x00\x00\x00\x00\x92\xb9\x00\x00\x00\x00\x00\x00\xa6\xbe\x00\x00\x00\x00\x00\x006\xc0\x00\x00\x00\x00\x00\x00b\xc1\x00\x00\x00\x00\x00\x00\xe6\xc4\x00\x00\x00\x00\x00\x00\xfa\xc9\x00\x00\x00\x00\x00\x00F\xce\x00\x00\x00\x00\x00\x00\xaa\xce\x00\x00\x00\x00\x00\x00\xca\xd1\x00\x00\x00\x00\x00\x00\xf6\xd2\x00\x00\x00\x00\x00\x00\xb2\xd5\x00\x00\x00\x00\x00\x00V\xdc\x00\x00\x00\x00\x00\x00>\xe0\x00\x00\x00\x00\x00\x00&\xe4\x00\x00\x00\x00\x00\x00R\xe5\x00\x00\x00\x00\x00\x00\x16\xef\x00\x00\x00\x00\x00\x00z\xef\x00\x00\x00\x00\x00\x00n\xf1\x00\x00\x00\x00\x00\x00V\xf5\x00\x00\x00\x00\x00\x00\xba\xf5\x00\x00\x00\x00\x00\x00\x1e\xf6\x00\x00\x00\x00\x00\x00J\xf7\x00\x00\x00\x00\x00\x00>\xf9\x00\x00\x00\x00\x00\x00\xe2\xff\x00\x00\x00\x00\x00\x00.\x04\x01\x00\x00\x00\x00\x00Z\x05\x01\x00\x00\x00\x00\x00\x86\x06\x01\x00\x00\x00\x00\x006\x0b\x01\x00\x00\x00\x00\x00\x06\x13\x01\x00\x00\x00\x00\x002\x14\x01\x00\x00\x00\x00\x00\xc2\x15\x01\x00\x00\x00\x00\x00\x0e\x1a\x01\x00\x00\x00\x00\x00\x02\x1c\x01\x00\x00\x00\x00\x00\xde!\x01\x00\x00\x00\x00\x00B"\x01\x00\x00\x00\x00\x00'

During handling of the above exception, another exception occurred:

Traceback (most recent call last):
  File "/home/Kazuki/anaconda3/lib/python3.6/site-packages/pandas/io/pickle.py", line 166, in try_read
    return read_wrapper(lambda f: pkl.load(f))
  File "/home/Kazuki/anaconda3/lib/python3.6/site-packages/pandas/io/pickle.py", line 149, in read_wrapper
    return func(f)
  File "/home/Kazuki/anaconda3/lib/python3.6/site-packages/pandas/io/pickle.py", line 166, in <lambda>
    return read_wrapper(lambda f: pkl.load(f))
ValueError: could not convert string to float: EA1

During handling of the above exception, another exception occurred:

Traceback (most recent call last):
  File "/home/Kazuki/anaconda3/lib/python3.6/site-packages/pandas/io/pickle.py", line 171, in try_read
    lambda f: pc.load(f, encoding=encoding, compat=False))
  File "/home/Kazuki/anaconda3/lib/python3.6/site-packages/pandas/io/pickle.py", line 149, in read_wrapper
    return func(f)
  File "/home/Kazuki/anaconda3/lib/python3.6/site-packages/pandas/io/pickle.py", line 171, in <lambda>
    lambda f: pc.load(f, encoding=encoding, compat=False))
  File "/home/Kazuki/anaconda3/lib/python3.6/site-packages/pandas/compat/pickle_compat.py", line 212, in load
    return up.load()
  File "/home/Kazuki/anaconda3/lib/python3.6/pickle.py", line 1050, in load
    dispatch[key[0]](self)
  File "/home/Kazuki/anaconda3/lib/python3.6/pickle.py", line 1152, in load_float
    self.append(float(self.readline()[:-1]))
ValueError: could not convert string to float: b'EA1\x00\x00\x00\x00j\x00\x00\x00\x00\x00\x00\x002\x01\x00\x00\x00\x00\x00\x00\x96\x01\x00\x00\x00\x00\x00\x00R\x04\x00\x00\x00\x00\x00\x00:\x08\x00\x00\x00\x00\x00\x00\x9e\x08\x00\x00\x00\x00\x00\x00\x86\x0c\x00\x00\x00\x00\x00\x00z\x0e\x00\x00\x00\x00\x00\x00\xd2\x10\x00\x00\x00\x00\x00\x00\xda\x17\x00\x00\x00\x00\x00\x00\xce\x19\x00\x00\x00\x00\x00\x00~\x1e\x00\x00\x00\x00\x00\x00f"\x00\x00\x00\x00\x00\x00N&\x00\x00\x00\x00\x00\x00n)\x00\x00\x00\x00\x00\x00\xd2)\x00\x00\x00\x00\x00\x00\x1e.\x00\x00\x00\x00\x00\x00\xb66\x00\x00\x00\x00\x00\x00\xaa8\x00\x00\x00\x00\x00\x00::\x00\x00\x00\x00\x00\x00N?\x00\x00\x00\x00\x00\x00\xd2B\x00\x00\x00\x00\x00\x00\xf2E\x00\x00\x00\x00\x00\x00~P\x00\x00\x00\x00\x00\x00\xaaQ\x00\x00\x00\x00\x00\x00ZV\x00\x00\x00\x00\x00\x00\xa6Z\x00\x00\x00\x00\x00\x00\xfe\\\x00\x00\x00\x00\x00\x00*^\x00\x00\x00\x00\x00\x00Rh\x00\x00\x00\x00\x00\x00\xb6h\x00\x00\x00\x00\x00\x00\xaaj\x00\x00\x00\x00\x00\x00rk\x00\x00\x00\x00\x00\x00\xcam\x00\x00\x00\x00\x00\x00Zo\x00\x00\x00\x00\x00\x00zr\x00\x00\x00\x00\x00\x00\x96~\x00\x00\x00\x00\x00\x00^\x7f\x00\x00\x00\x00\x00\x00\xee\x80\x00\x00\x00\x00\x00\x00\x1e\x92\x00\x00\x00\x00\x00\x00\x82\x92\x00\x00\x00\x00\x00\x00J\x93\x00\x00\x00\x00\x00\x00\xae\x93\x00\x00\x00\x00\x00\x00>\x95\x00\x00\x00\x00\x00\x00z\xa4\x00\x00\x00\x00\x00\x00\xc6\xa8\x00\x00\x00\x00\x00\x00\x12\xad\x00\x00\x00\x00\x00\x00\xc2\xb1\x00\x00\x00\x00\x00\x00\xe2\xb4\x00\x00\x00\x00\x00\x00\x92\xb9\x00\x00\x00\x00\x00\x00\xa6\xbe\x00\x00\x00\x00\x00\x006\xc0\x00\x00\x00\x00\x00\x00b\xc1\x00\x00\x00\x00\x00\x00\xe6\xc4\x00\x00\x00\x00\x00\x00\xfa\xc9\x00\x00\x00\x00\x00\x00F\xce\x00\x00\x00\x00\x00\x00\xaa\xce\x00\x00\x00\x00\x00\x00\xca\xd1\x00\x00\x00\x00\x00\x00\xf6\xd2\x00\x00\x00\x00\x00\x00\xb2\xd5\x00\x00\x00\x00\x00\x00V\xdc\x00\x00\x00\x00\x00\x00>\xe0\x00\x00\x00\x00\x00\x00&\xe4\x00\x00\x00\x00\x00\x00R\xe5\x00\x00\x00\x00\x00\x00\x16\xef\x00\x00\x00\x00\x00\x00z\xef\x00\x00\x00\x00\x00\x00n\xf1\x00\x00\x00\x00\x00\x00V\xf5\x00\x00\x00\x00\x00\x00\xba\xf5\x00\x00\x00\x00\x00\x00\x1e\xf6\x00\x00\x00\x00\x00\x00J\xf7\x00\x00\x00\x00\x00\x00>\xf9\x00\x00\x00\x00\x00\x00\xe2\xff\x00\x00\x00\x00\x00\x00.\x04\x01\x00\x00\x00\x00\x00Z\x05\x01\x00\x00\x00\x00\x00\x86\x06\x01\x00\x00\x00\x00\x006\x0b\x01\x00\x00\x00\x00\x00\x06\x13\x01\x00\x00\x00\x00\x002\x14\x01\x00\x00\x00\x00\x00\xc2\x15\x01\x00\x00\x00\x00\x00\x0e\x1a\x01\x00\x00\x00\x00\x00\x02\x1c\x01\x00\x00\x00\x00\x00\xde!\x01\x00\x00\x00\x00\x00B"\x01\x00\x00\x00\x00\x00'

During handling of the above exception, another exception occurred:

Traceback (most recent call last):
  File "010_pivot_norm1.py", line 168, in <module>
    df = pd.concat([pd.read_pickle(f) for f in glob(f'../data/tmp_{PREF}*')], 
  File "010_pivot_norm1.py", line 168, in <listcomp>
    df = pd.concat([pd.read_pickle(f) for f in glob(f'../data/tmp_{PREF}*')], 
  File "/home/Kazuki/anaconda3/lib/python3.6/site-packages/pandas/io/pickle.py", line 180, in read_pickle
    return try_read(path, encoding='latin1')
  File "/home/Kazuki/anaconda3/lib/python3.6/site-packages/pandas/io/pickle.py", line 175, in try_read
    lambda f: pc.load(f, encoding=encoding, compat=True))
  File "/home/Kazuki/anaconda3/lib/python3.6/site-packages/pandas/io/pickle.py", line 149, in read_wrapper
    return func(f)
  File "/home/Kazuki/anaconda3/lib/python3.6/site-packages/pandas/io/pickle.py", line 175, in <lambda>
    lambda f: pc.load(f, encoding=encoding, compat=True))
  File "/home/Kazuki/anaconda3/lib/python3.6/site-packages/pandas/compat/pickle_compat.py", line 212, in load
    return up.load()
  File "/home/Kazuki/anaconda3/lib/python3.6/pickle.py", line 1050, in load
    dispatch[key[0]](self)
  File "/home/Kazuki/anaconda3/lib/python3.6/pickle.py", line 1152, in load_float
    self.append(float(self.readline()[:-1]))
ValueError: could not convert string to float: b'EA1\x00\x00\x00\x00j\x00\x00\x00\x00\x00\x00\x002\x01\x00\x00\x00\x00\x00\x00\x96\x01\x00\x00\x00\x00\x00\x00R\x04\x00\x00\x00\x00\x00\x00:\x08\x00\x00\x00\x00\x00\x00\x9e\x08\x00\x00\x00\x00\x00\x00\x86\x0c\x00\x00\x00\x00\x00\x00z\x0e\x00\x00\x00\x00\x00\x00\xd2\x10\x00\x00\x00\x00\x00\x00\xda\x17\x00\x00\x00\x00\x00\x00\xce\x19\x00\x00\x00\x00\x00\x00~\x1e\x00\x00\x00\x00\x00\x00f"\x00\x00\x00\x00\x00\x00N&\x00\x00\x00\x00\x00\x00n)\x00\x00\x00\x00\x00\x00\xd2)\x00\x00\x00\x00\x00\x00\x1e.\x00\x00\x00\x00\x00\x00\xb66\x00\x00\x00\x00\x00\x00\xaa8\x00\x00\x00\x00\x00\x00::\x00\x00\x00\x00\x00\x00N?\x00\x00\x00\x00\x00\x00\xd2B\x00\x00\x00\x00\x00\x00\xf2E\x00\x00\x00\x00\x00\x00~P\x00\x00\x00\x00\x00\x00\xaaQ\x00\x00\x00\x00\x00\x00ZV\x00\x00\x00\x00\x00\x00\xa6Z\x00\x00\x00\x00\x00\x00\xfe\\\x00\x00\x00\x00\x00\x00*^\x00\x00\x00\x00\x00\x00Rh\x00\x00\x00\x00\x00\x00\xb6h\x00\x00\x00\x00\x00\x00\xaaj\x00\x00\x00\x00\x00\x00rk\x00\x00\x00\x00\x00\x00\xcam\x00\x00\x00\x00\x00\x00Zo\x00\x00\x00\x00\x00\x00zr\x00\x00\x00\x00\x00\x00\x96~\x00\x00\x00\x00\x00\x00^\x7f\x00\x00\x00\x00\x00\x00\xee\x80\x00\x00\x00\x00\x00\x00\x1e\x92\x00\x00\x00\x00\x00\x00\x82\x92\x00\x00\x00\x00\x00\x00J\x93\x00\x00\x00\x00\x00\x00\xae\x93\x00\x00\x00\x00\x00\x00>\x95\x00\x00\x00\x00\x00\x00z\xa4\x00\x00\x00\x00\x00\x00\xc6\xa8\x00\x00\x00\x00\x00\x00\x12\xad\x00\x00\x00\x00\x00\x00\xc2\xb1\x00\x00\x00\x00\x00\x00\xe2\xb4\x00\x00\x00\x00\x00\x00\x92\xb9\x00\x00\x00\x00\x00\x00\xa6\xbe\x00\x00\x00\x00\x00\x006\xc0\x00\x00\x00\x00\x00\x00b\xc1\x00\x00\x00\x00\x00\x00\xe6\xc4\x00\x00\x00\x00\x00\x00\xfa\xc9\x00\x00\x00\x00\x00\x00F\xce\x00\x00\x00\x00\x00\x00\xaa\xce\x00\x00\x00\x00\x00\x00\xca\xd1\x00\x00\x00\x00\x00\x00\xf6\xd2\x00\x00\x00\x00\x00\x00\xb2\xd5\x00\x00\x00\x00\x00\x00V\xdc\x00\x00\x00\x00\x00\x00>\xe0\x00\x00\x00\x00\x00\x00&\xe4\x00\x00\x00\x00\x00\x00R\xe5\x00\x00\x00\x00\x00\x00\x16\xef\x00\x00\x00\x00\x00\x00z\xef\x00\x00\x00\x00\x00\x00n\xf1\x00\x00\x00\x00\x00\x00V\xf5\x00\x00\x00\x00\x00\x00\xba\xf5\x00\x00\x00\x00\x00\x00\x1e\xf6\x00\x00\x00\x00\x00\x00J\xf7\x00\x00\x00\x00\x00\x00>\xf9\x00\x00\x00\x00\x00\x00\xe2\xff\x00\x00\x00\x00\x00\x00.\x04\x01\x00\x00\x00\x00\x00Z\x05\x01\x00\x00\x00\x00\x00\x86\x06\x01\x00\x00\x00\x00\x006\x0b\x01\x00\x00\x00\x00\x00\x06\x13\x01\x00\x00\x00\x00\x002\x14\x01\x00\x00\x00\x00\x00\xc2\x15\x01\x00\x00\x00\x00\x00\x0e\x1a\x01\x00\x00\x00\x00\x00\x02\x1c\x01\x00\x00\x00\x00\x00\xde!\x01\x00\x00\x00\x00\x00B"\x01\x00\x00\x00\x00\x00'
